TN:
SF:src/index.js
FNF:0
FNH:0
DA:1,1
DA:2,1
DA:3,1
DA:4,1
DA:5,1
DA:6,1
DA:7,1
DA:8,1
DA:9,1
DA:10,1
DA:11,1
DA:12,1
DA:13,1
DA:14,1
DA:15,1
DA:16,1
DA:17,1
DA:18,1
DA:19,1
DA:20,1
DA:21,1
DA:22,1
DA:23,1
LF:23
LH:23
BRDA:4,0,0,1
BRF:1
BRH:1
end_of_record
TN:
SF:src/person.js
FN:2,validate
FN:6,format
FN:14,save
FN:24,process
FNF:4
FNH:4
FNDA:4,validate
FNDA:1,format
FNDA:2,save
FNDA:4,process
DA:1,1
DA:2,1
DA:3,4
DA:4,4
DA:5,4
DA:6,1
DA:7,1
DA:8,1
DA:9,1
DA:10,1
DA:11,1
DA:12,1
DA:13,1
DA:14,1
DA:15,2
DA:16,1
DA:17,1
DA:18,1
DA:19,1
DA:20,1
DA:21,1
DA:22,1
DA:23,1
DA:24,1
DA:25,4
DA:26,4
DA:27,4
DA:28,4
DA:29,4
DA:30,4
DA:31,1
DA:32,1
DA:33,1
DA:34,1
DA:35,1
DA:36,1
DA:37,1
DA:38,1
LF:38
LH:38
BRDA:2,0,0,4
BRDA:3,1,0,1
BRDA:3,2,0,3
BRDA:4,3,0,1
BRDA:6,4,0,1
BRDA:14,5,0,2
BRDA:15,6,0,1
BRDA:15,7,0,4
BRDA:24,8,0,4
BRF:9
BRH:9
end_of_record
TN:
SF:src/server.js
FNF:0
FNH:0
DA:1,1
DA:2,1
DA:3,1
DA:4,1
DA:5,1
DA:6,5
DA:7,1
DA:8,1
DA:9,1
DA:10,1
DA:11,4
DA:12,4
DA:13,4
DA:14,4
DA:15,4
DA:16,5
DA:17,3
DA:18,2
DA:19,2
DA:20,2
DA:21,2
DA:22,2
DA:23,2
DA:24,2
DA:25,2
DA:26,2
DA:27,1
DA:28,1
DA:29,1
DA:30,1
DA:31,1
DA:32,1
DA:33,1
DA:34,1
DA:35,1
DA:36,1
DA:37,1
DA:38,1
DA:39,1
DA:40,1
LF:40
LH:40
BRDA:5,0,0,5
BRDA:6,1,0,1
BRDA:10,2,0,4
BRDA:16,3,0,3
BRDA:17,4,0,2
BRDA:26,5,0,1
BRF:6
BRH:6
end_of_record
