TN:
SF:src/person.js
FN:1,mapPerson
FNF:1
FNH:1
FNDA:3,mapPerson
DA:1,1
DA:2,3
DA:3,3
DA:4,3
DA:5,3
DA:6,3
DA:7,3
DA:8,3
DA:9,3
LF:9
LH:9
BRDA:1,0,0,3
BRF:1
BRH:1
end_of_record
TN:
SF:src/task.js
FN:1,<instance_members_initializer>
FN:4,save
FN:11,run
FNF:3
FNH:3
FNDA:1,<instance_members_initializer>
FNDA:2,save
FNDA:1,run
DA:1,1
DA:2,1
DA:3,1
DA:4,1
DA:5,2
DA:6,2
DA:7,2
DA:8,2
DA:9,2
DA:10,1
DA:11,1
DA:12,1
DA:13,51
DA:14,51
DA:15,1
DA:16,1
DA:17,1
DA:18,1
DA:19,50
DA:20,51
DA:21,75
DA:22,2
DA:23,2
DA:24,2
DA:25,75
DA:26,1
DA:27,1
DA:28,1
LF:28
LH:28
BRDA:1,0,0,1
BRDA:4,1,0,2
BRDA:11,2,0,1
BRDA:12,3,0,51
BRDA:14,4,0,1
BRDA:18,5,0,50
BRDA:20,6,0,75
BRDA:21,7,0,2
BRDA:25,8,0,50
BRF:9
BRH:9
end_of_record
